This file contains any messages produced by compilers while
running configure, to aid debugging if configure makes a mistake.

It was created by libpuzzle configure 0.9, which was
generated by GNU Autoconf 2.61.  Invocation command line was

  $ ./configure 

## --------- ##
## Platform. ##
## --------- ##

hostname = u5f
uname -m = i686
uname -r = 2.6.22-14-generic
uname -s = Linux
uname -v = #1 SMP Tue Feb 12 07:42:25 UTC 2008

/usr/bin/uname -p = unknown
/bin/uname -X     = unknown

/bin/arch              = unknown
/usr/bin/arch -k       = unknown
/usr/convex/getsysinfo = unknown
/usr/bin/hostinfo      = unknown
/bin/machine           = unknown
/usr/bin/oslevel       = unknown
/bin/universe          = unknown

PATH: /usr/local/sbin
PATH: /usr/local/bin
PATH: /usr/sbin
PATH: /usr/bin
PATH: /sbin
PATH: /bin
PATH: /usr/games


## ----------- ##
## Core tests. ##
## ----------- ##

configure:1985: checking for a BSD-compatible install
configure:2041: result: /usr/bin/install -c
configure:2052: checking whether build environment is sane
configure:2095: result: yes
configure:2160: checking for gawk
configure:2190: result: no
configure:2160: checking for mawk
configure:2176: found /usr/bin/mawk
configure:2187: result: mawk
configure:2198: checking whether make sets $(MAKE)
configure:2219: result: yes
configure:2403: checking whether to enable maintainer-specific portions of Makefiles
configure:2412: result: no
configure:2487: checking for g++
configure:2503: found /usr/bin/g++
configure:2514: result: g++
configure:2545: checking for C++ compiler version
configure:2552: g++ --version >&5
g++ (GCC) 4.1.3 20070929 (prerelease) (Ubuntu 4.1.2-16ubuntu2)
Copyright (C) 2006 Free Software Foundation, Inc.
This is free software; see the source for copying conditions.  There is NO
warranty; not even for MERCHANTABILITY or FITNESS FOR A PARTICULAR PURPOSE.

configure:2555: $? = 0
configure:2562: g++ -v >&5
Using built-in specs.
Target: i486-linux-gnu
Configured with: ../src/configure -v --enable-languages=c,c++,fortran,objc,obj-c++,treelang --prefix=/usr --enable-shared --with-system-zlib --libexecdir=/usr/lib --without-included-gettext --enable-threads=posix --enable-nls --with-gxx-include-dir=/usr/include/c++/4.1.3 --program-suffix=-4.1 --enable-__cxa_atexit --enable-clocale=gnu --enable-libstdcxx-debug --enable-mpfr --enable-checking=release i486-linux-gnu
Thread model: posix
gcc version 4.1.3 20070929 (prerelease) (Ubuntu 4.1.2-16ubuntu2)
configure:2565: $? = 0
configure:2572: g++ -V >&5
g++: '-V' option must have argument
configure:2575: $? = 1
configure:2598: checking for C++ compiler default output file name
configure:2625: g++    conftest.cpp  >&5
configure:2628: $? = 0
configure:2666: result: a.out
configure:2683: checking whether the C++ compiler works
configure:2693: ./a.out
configure:2696: $? = 0
configure:2713: result: yes
configure:2720: checking whether we are cross compiling
configure:2722: result: no
configure:2725: checking for suffix of executables
configure:2732: g++ -o conftest    conftest.cpp  >&5
configure:2735: $? = 0
configure:2759: result: 
configure:2765: checking for suffix of object files
configure:2791: g++ -c   conftest.cpp >&5
configure:2794: $? = 0
configure:2817: result: o
configure:2821: checking whether we are using the GNU C++ compiler
configure:2850: g++ -c   conftest.cpp >&5
configure:2856: $? = 0
configure:2873: result: yes
configure:2878: checking whether g++ accepts -g
configure:2908: g++ -c -g  conftest.cpp >&5
configure:2914: $? = 0
configure:3013: result: yes
configure:3047: checking for style of include used by make
configure:3075: result: GNU
configure:3103: checking dependency style of g++
configure:3193: result: gcc3
configure:3258: checking for gcc
configure:3274: found /usr/bin/gcc
configure:3285: result: gcc
configure:3523: checking for C compiler version
configure:3530: gcc --version >&5
gcc (GCC) 4.1.3 20070929 (prerelease) (Ubuntu 4.1.2-16ubuntu2)
Copyright (C) 2006 Free Software Foundation, Inc.
This is free software; see the source for copying conditions.  There is NO
warranty; not even for MERCHANTABILITY or FITNESS FOR A PARTICULAR PURPOSE.

configure:3533: $? = 0
configure:3540: gcc -v >&5
Using built-in specs.
Target: i486-linux-gnu
Configured with: ../src/configure -v --enable-languages=c,c++,fortran,objc,obj-c++,treelang --prefix=/usr --enable-shared --with-system-zlib --libexecdir=/usr/lib --without-included-gettext --enable-threads=posix --enable-nls --with-gxx-include-dir=/usr/include/c++/4.1.3 --program-suffix=-4.1 --enable-__cxa_atexit --enable-clocale=gnu --enable-libstdcxx-debug --enable-mpfr --enable-checking=release i486-linux-gnu
Thread model: posix
gcc version 4.1.3 20070929 (prerelease) (Ubuntu 4.1.2-16ubuntu2)
configure:3543: $? = 0
configure:3550: gcc -V >&5
gcc: '-V' option must have argument
configure:3553: $? = 1
configure:3556: checking whether we are using the GNU C compiler
configure:3585: gcc -c   conftest.c >&5
configure:3591: $? = 0
configure:3608: result: yes
configure:3613: checking whether gcc accepts -g
configure:3643: gcc -c -g  conftest.c >&5
configure:3649: $? = 0
configure:3748: result: yes
configure:3765: checking for gcc option to accept ISO C89
configure:3839: gcc  -c -g -O2  conftest.c >&5
configure:3845: $? = 0
configure:3868: result: none needed
configure:3888: checking dependency style of gcc
configure:3978: result: gcc3
configure:4000: checking how to run the C preprocessor
configure:4040: gcc -E  conftest.c
configure:4046: $? = 0
configure:4077: gcc -E  conftest.c
conftest.c:10:28: error: ac_nonexistent.h: No such file or directory
configure:4083: $? = 1
configure: failed program was:
| /* confdefs.h.  */
| #define PACKAGE_NAME "libpuzzle"
| #define PACKAGE_TARNAME "libpuzzle"
| #define PACKAGE_VERSION "0.9"
| #define PACKAGE_STRING "libpuzzle 0.9"
| #define PACKAGE_BUGREPORT "bugs@pureftpd.org"
| #define PACKAGE "libpuzzle"
| #define VERSION "0.9"
| /* end confdefs.h.  */
| #include <ac_nonexistent.h>
configure:4116: result: gcc -E
configure:4145: gcc -E  conftest.c
configure:4151: $? = 0
configure:4182: gcc -E  conftest.c
conftest.c:10:28: error: ac_nonexistent.h: No such file or directory
configure:4188: $? = 1
configure: failed program was:
| /* confdefs.h.  */
| #define PACKAGE_NAME "libpuzzle"
| #define PACKAGE_TARNAME "libpuzzle"
| #define PACKAGE_VERSION "0.9"
| #define PACKAGE_STRING "libpuzzle 0.9"
| #define PACKAGE_BUGREPORT "bugs@pureftpd.org"
| #define PACKAGE "libpuzzle"
| #define VERSION "0.9"
| /* end confdefs.h.  */
| #include <ac_nonexistent.h>
configure:4238: checking for a BSD-compatible install
configure:4294: result: /usr/bin/install -c
configure:4305: checking whether ln -s works
configure:4309: result: yes
configure:4316: checking whether make sets $(MAKE)
configure:4337: result: yes
configure:4348: checking for gdlib-config
configure:4366: found /usr/bin/gdlib-config
configure:4378: result: /usr/bin/gdlib-config
configure:4395: checking for gdImageCreateFromGd2 in -lgd
configure:4430: gcc -o conftest -g -O2  -D_GNU_SOURCE=1 -I/usr/include  -L/usr/lib conftest.c -lgd   >&5
configure:4436: $? = 0
configure:4454: result: yes
configure:4472: checking for grep that handles long lines and -e
configure:4546: result: /bin/grep
configure:4551: checking for egrep
configure:4629: result: /bin/grep -E
configure:4634: checking for ANSI C header files
configure:4664: gcc -c -g -O2  -D_GNU_SOURCE=1 -I/usr/include conftest.c >&5
configure:4670: $? = 0
configure:4769: gcc -o conftest -g -O2  -D_GNU_SOURCE=1 -I/usr/include  -L/usr/lib conftest.c -lgd  >&5
configure:4772: $? = 0
configure:4778: ./conftest
configure:4781: $? = 0
configure:4798: result: yes
configure:4886: checking build system type
configure:4904: result: i686-pc-linux-gnu
configure:4926: checking host system type
configure:4941: result: i686-pc-linux-gnu
configure:4963: checking for a sed that does not truncate output
configure:5017: result: /bin/sed
configure:5031: checking for ld used by gcc
configure:5098: result: /usr/bin/ld
configure:5107: checking if the linker (/usr/bin/ld) is GNU ld
configure:5122: result: yes
configure:5127: checking for /usr/bin/ld option to reload object files
configure:5134: result: -r
configure:5152: checking for BSD-compatible nm
configure:5201: result: /usr/bin/nm -B
configure:5205: checking how to recognise dependent libraries
configure:5381: result: pass_all
configure:5623: checking for sys/types.h
configure:5644: gcc -c -g -O2  -D_GNU_SOURCE=1 -I/usr/include conftest.c >&5
configure:5650: $? = 0
configure:5666: result: yes
configure:5623: checking for sys/stat.h
configure:5644: gcc -c -g -O2  -D_GNU_SOURCE=1 -I/usr/include conftest.c >&5
configure:5650: $? = 0
configure:5666: result: yes
configure:5623: checking for stdlib.h
configure:5644: gcc -c -g -O2  -D_GNU_SOURCE=1 -I/usr/include conftest.c >&5
configure:5650: $? = 0
configure:5666: result: yes
configure:5623: checking for string.h
configure:5644: gcc -c -g -O2  -D_GNU_SOURCE=1 -I/usr/include conftest.c >&5
configure:5650: $? = 0
configure:5666: result: yes
configure:5623: checking for memory.h
configure:5644: gcc -c -g -O2  -D_GNU_SOURCE=1 -I/usr/include conftest.c >&5
configure:5650: $? = 0
configure:5666: result: yes
configure:5623: checking for strings.h
configure:5644: gcc -c -g -O2  -D_GNU_SOURCE=1 -I/usr/include conftest.c >&5
configure:5650: $? = 0
configure:5666: result: yes
configure:5623: checking for inttypes.h
configure:5644: gcc -c -g -O2  -D_GNU_SOURCE=1 -I/usr/include conftest.c >&5
configure:5650: $? = 0
configure:5666: result: yes
configure:5623: checking for stdint.h
configure:5644: gcc -c -g -O2  -D_GNU_SOURCE=1 -I/usr/include conftest.c >&5
configure:5650: $? = 0
configure:5666: result: yes
configure:5623: checking for unistd.h
configure:5644: gcc -c -g -O2  -D_GNU_SOURCE=1 -I/usr/include conftest.c >&5
configure:5650: $? = 0
configure:5666: result: yes
configure:5693: checking dlfcn.h usability
configure:5710: gcc -c -g -O2  -D_GNU_SOURCE=1 -I/usr/include conftest.c >&5
configure:5716: $? = 0
configure:5730: result: yes
configure:5734: checking dlfcn.h presence
configure:5749: gcc -E  -D_GNU_SOURCE=1 -I/usr/include conftest.c
configure:5755: $? = 0
configure:5769: result: yes
configure:5802: checking for dlfcn.h
configure:5810: result: yes
configure:5833: checking how to run the C++ preprocessor
configure:5869: g++ -E  -D_GNU_SOURCE=1 -I/usr/include conftest.cpp
configure:5875: $? = 0
configure:5906: g++ -E  -D_GNU_SOURCE=1 -I/usr/include conftest.cpp
conftest.cpp:22:28: error: ac_nonexistent.h: No such file or directory
configure:5912: $? = 1
configure: failed program was:
| /* confdefs.h.  */
| #define PACKAGE_NAME "libpuzzle"
| #define PACKAGE_TARNAME "libpuzzle"
| #define PACKAGE_VERSION "0.9"
| #define PACKAGE_STRING "libpuzzle 0.9"
| #define PACKAGE_BUGREPORT "bugs@pureftpd.org"
| #define PACKAGE "libpuzzle"
| #define VERSION "0.9"
| #define HAVE_LIBGD 1
| #define STDC_HEADERS 1
| #define HAVE_SYS_TYPES_H 1
| #define HAVE_SYS_STAT_H 1
| #define HAVE_STDLIB_H 1
| #define HAVE_STRING_H 1
| #define HAVE_MEMORY_H 1
| #define HAVE_STRINGS_H 1
| #define HAVE_INTTYPES_H 1
| #define HAVE_STDINT_H 1
| #define HAVE_UNISTD_H 1
| #define HAVE_DLFCN_H 1
| /* end confdefs.h.  */
| #include <ac_nonexistent.h>
configure:5945: result: g++ -E
configure:5974: g++ -E  -D_GNU_SOURCE=1 -I/usr/include conftest.cpp
configure:5980: $? = 0
configure:6011: g++ -E  -D_GNU_SOURCE=1 -I/usr/include conftest.cpp
conftest.cpp:22:28: error: ac_nonexistent.h: No such file or directory
configure:6017: $? = 1
configure: failed program was:
| /* confdefs.h.  */
| #define PACKAGE_NAME "libpuzzle"
| #define PACKAGE_TARNAME "libpuzzle"
| #define PACKAGE_VERSION "0.9"
| #define PACKAGE_STRING "libpuzzle 0.9"
| #define PACKAGE_BUGREPORT "bugs@pureftpd.org"
| #define PACKAGE "libpuzzle"
| #define VERSION "0.9"
| #define HAVE_LIBGD 1
| #define STDC_HEADERS 1
| #define HAVE_SYS_TYPES_H 1
| #define HAVE_SYS_STAT_H 1
| #define HAVE_STDLIB_H 1
| #define HAVE_STRING_H 1
| #define HAVE_MEMORY_H 1
| #define HAVE_STRINGS_H 1
| #define HAVE_INTTYPES_H 1
| #define HAVE_STDINT_H 1
| #define HAVE_UNISTD_H 1
| #define HAVE_DLFCN_H 1
| /* end confdefs.h.  */
| #include <ac_nonexistent.h>
configure:6110: checking for g77
configure:6140: result: no
configure:6110: checking for xlf
configure:6140: result: no
configure:6110: checking for f77
configure:6140: result: no
configure:6110: checking for frt
configure:6140: result: no
configure:6110: checking for pgf77
configure:6140: result: no
configure:6110: checking for cf77
configure:6140: result: no
configure:6110: checking for fort77
configure:6140: result: no
configure:6110: checking for fl32
configure:6140: result: no
configure:6110: checking for af77
configure:6140: result: no
configure:6110: checking for xlf90
configure:6140: result: no
configure:6110: checking for f90
configure:6140: result: no
configure:6110: checking for pgf90
configure:6140: result: no
configure:6110: checking for pghpf
configure:6140: result: no
configure:6110: checking for epcf90
configure:6140: result: no
configure:6110: checking for gfortran
configure:6140: result: no
configure:6110: checking for g95
configure:6140: result: no
configure:6110: checking for xlf95
configure:6140: result: no
configure:6110: checking for f95
configure:6140: result: no
configure:6110: checking for fort
configure:6140: result: no
configure:6110: checking for ifort
configure:6140: result: no
configure:6110: checking for ifc
configure:6140: result: no
configure:6110: checking for efc
configure:6140: result: no
configure:6110: checking for pgf95
configure:6140: result: no
configure:6110: checking for lf95
configure:6140: result: no
configure:6110: checking for ftn
configure:6140: result: no
configure:6167: checking for Fortran 77 compiler version
configure:6174:  --version >&5
./configure: line 6175: --version: command not found
configure:6177: $? = 127
configure:6184:  -v >&5
./configure: line 6185: -v: command not found
configure:6187: $? = 127
configure:6194:  -V >&5
./configure: line 6195: -V: command not found
configure:6197: $? = 127
configure:6205: checking whether we are using the GNU Fortran 77 compiler
configure:6224:  -c  conftest.F >&5
./configure: line 6225: -c: command not found
configure:6230: $? = 127
configure: failed program was:
|       program main
| #ifndef __GNUC__
|        choke me
| #endif
| 
|       end
configure:6247: result: no
configure:6253: checking whether  accepts -g
configure:6270:  -c -g conftest.f >&5
./configure: line 6271: -c: command not found
configure:6276: $? = 127
configure: failed program was:
|       program main
| 
|       end
configure:6292: result: no
configure:6322: checking the maximum length of command line arguments
configure:6431: result: 32768
configure:6442: checking command to parse /usr/bin/nm -B output from gcc object
configure:6547: gcc -c -g -O2  -D_GNU_SOURCE=1 -I/usr/include conftest.c >&5
configure:6550: $? = 0
configure:6554: /usr/bin/nm -B conftest.o \| sed -n -e 's/^.*[ 	]\([ABCDGIRSTW][ABCDGIRSTW]*\)[ 	][ 	]*\([_A-Za-z][_A-Za-z0-9]*\)$/\1 \2 \2/p' \> conftest.nm
configure:6557: $? = 0
configure:6609: gcc -o conftest -g -O2  -D_GNU_SOURCE=1 -I/usr/include  -L/usr/lib conftest.c conftstm.o >&5
configure:6612: $? = 0
configure:6650: result: ok
configure:6654: checking for objdir
configure:6669: result: .libs
configure:6761: checking for ar
configure:6777: found /usr/bin/ar
configure:6788: result: ar
configure:6857: checking for ranlib
configure:6873: found /usr/bin/ranlib
configure:6884: result: ranlib
configure:6953: checking for strip
configure:6969: found /usr/bin/strip
configure:6980: result: strip
configure:7266: checking if gcc supports -fno-rtti -fno-exceptions
configure:7284: gcc -c -g -O2  -D_GNU_SOURCE=1 -I/usr/include -fno-rtti -fno-exceptions conftest.c >&5
cc1: warning: command line option "-fno-rtti" is valid for C++/ObjC++ but not for C
configure:7288: $? = 0
configure:7301: result: no
configure:7316: checking for gcc option to produce PIC
configure:7526: result: -fPIC
configure:7534: checking if gcc PIC flag -fPIC works
configure:7552: gcc -c -g -O2  -D_GNU_SOURCE=1 -I/usr/include -fPIC -DPIC conftest.c >&5
configure:7556: $? = 0
configure:7569: result: yes
configure:7597: checking if gcc static flag -static works
configure:7625: result: yes
configure:7635: checking if gcc supports -c -o file.o
configure:7656: gcc -c -g -O2  -D_GNU_SOURCE=1 -I/usr/include -o out/conftest2.o conftest.c >&5
configure:7660: $? = 0
configure:7682: result: yes
configure:7708: checking whether the gcc linker (/usr/bin/ld) supports shared libraries
configure:8666: result: yes
configure:8687: checking whether -lc should be explicitly linked in
configure:8692: gcc -c -g -O2  -D_GNU_SOURCE=1 -I/usr/include conftest.c >&5
configure:8695: $? = 0
configure:8710: gcc -shared conftest.o  -v -Wl,-soname -Wl,conftest -o conftest 2\>\&1 \| grep  -lc  \>/dev/null 2\>\&1
configure:8713: $? = 0
configure:8725: result: no
configure:8733: checking dynamic linker characteristics
configure:9321: result: GNU/Linux ld.so
configure:9330: checking how to hardcode library paths into programs
configure:9355: result: immediate
configure:9369: checking whether stripping libraries is possible
configure:9374: result: yes
configure:10175: checking if libtool supports shared libraries
configure:10177: result: yes
configure:10180: checking whether to build shared libraries
configure:10201: result: yes
configure:10204: checking whether to build static libraries
configure:10208: result: yes
configure:10300: creating libtool
configure:10888: checking for ld used by g++
configure:10955: result: /usr/bin/ld
configure:10964: checking if the linker (/usr/bin/ld) is GNU ld
configure:10979: result: yes
configure:11030: checking whether the g++ linker (/usr/bin/ld) supports shared libraries
configure:11968: result: yes
configure:11986: g++ -c -g -O2  -D_GNU_SOURCE=1 -I/usr/include conftest.cpp >&5
configure:11989: $? = 0
configure:12108: checking for g++ option to produce PIC
configure:12382: result: -fPIC
configure:12390: checking if g++ PIC flag -fPIC works
configure:12408: g++ -c -g -O2  -D_GNU_SOURCE=1 -I/usr/include -fPIC -DPIC conftest.cpp >&5
configure:12412: $? = 0
configure:12425: result: yes
configure:12453: checking if g++ static flag -static works
configure:12481: result: yes
configure:12491: checking if g++ supports -c -o file.o
configure:12512: g++ -c -g -O2  -D_GNU_SOURCE=1 -I/usr/include -o out/conftest2.o conftest.cpp >&5
configure:12516: $? = 0
configure:12538: result: yes
configure:12564: checking whether the g++ linker (/usr/bin/ld) supports shared libraries
configure:12589: result: yes
configure:12656: checking dynamic linker characteristics
configure:13244: result: GNU/Linux ld.so
configure:13253: checking how to hardcode library paths into programs
configure:13278: result: immediate
configure:19446: checking limits.h usability
configure:19463: gcc -c -g -O2  -D_GNU_SOURCE=1 -I/usr/include conftest.c >&5
configure:19469: $? = 0
configure:19483: result: yes
configure:19487: checking limits.h presence
configure:19502: gcc -E  -D_GNU_SOURCE=1 -I/usr/include conftest.c
configure:19508: $? = 0
configure:19522: result: yes
configure:19555: checking for limits.h
configure:19563: result: yes
configure:19436: checking for memory.h
configure:19442: result: yes
configure:19446: checking stddef.h usability
configure:19463: gcc -c -g -O2  -D_GNU_SOURCE=1 -I/usr/include conftest.c >&5
configure:19469: $? = 0
configure:19483: result: yes
configure:19487: checking stddef.h presence
configure:19502: gcc -E  -D_GNU_SOURCE=1 -I/usr/include conftest.c
configure:19508: $? = 0
configure:19522: result: yes
configure:19555: checking for stddef.h
configure:19563: result: yes
configure:19436: checking for stdlib.h
configure:19442: result: yes
configure:19436: checking for string.h
configure:19442: result: yes
configure:19436: checking for unistd.h
configure:19442: result: yes
configure:19578: checking for an ANSI C-conforming const
configure:19653: gcc -c -g -O2  -D_GNU_SOURCE=1 -I/usr/include conftest.c >&5
configure:19659: $? = 0
configure:19674: result: yes
configure:19684: checking for size_t
configure:19714: gcc -c -g -O2  -D_GNU_SOURCE=1 -I/usr/include conftest.c >&5
configure:19720: $? = 0
configure:19735: result: yes
configure:19747: checking for ssize_t
configure:19777: gcc -c -g -O2  -D_GNU_SOURCE=1 -I/usr/include conftest.c >&5
configure:19783: $? = 0
configure:19798: result: yes
configure:19810: checking for off_t
configure:19840: gcc -c -g -O2  -D_GNU_SOURCE=1 -I/usr/include conftest.c >&5
configure:19846: $? = 0
configure:19861: result: yes
configure:19880: checking for stdlib.h
configure:19886: result: yes
configure:20020: checking for GNU libc compatible malloc
configure:20054: gcc -o conftest -g -O2  -D_GNU_SOURCE=1 -I/usr/include  -L/usr/lib conftest.c -lgd  >&5
configure:20057: $? = 0
configure:20063: ./conftest
configure:20066: $? = 0
configure:20082: result: yes
configure:20115: checking for stdlib.h
configure:20121: result: yes
configure:20255: checking for GNU libc compatible realloc
configure:20289: gcc -o conftest -g -O2  -D_GNU_SOURCE=1 -I/usr/include  -L/usr/lib conftest.c -lgd  >&5
configure:20292: $? = 0
configure:20298: ./conftest
configure:20301: $? = 0
configure:20317: result: yes
configure:20345: checking for working memcmp
configure:20398: gcc -o conftest -g -O2  -D_GNU_SOURCE=1 -I/usr/include  -L/usr/lib conftest.c -lgd  >&5
configure:20401: $? = 0
configure:20407: ./conftest
configure:20410: $? = 0
configure:20426: result: yes
configure:20435: checking for floor
configure:20491: gcc -o conftest -g -O2  -D_GNU_SOURCE=1 -I/usr/include  -L/usr/lib conftest.c -lgd  >&5
conftest.c:55: warning: conflicting types for built-in function 'floor'
configure:20497: $? = 0
configure:20514: result: yes
configure:20592: checking for round
configure:20648: gcc -o conftest -g -O2  -D_GNU_SOURCE=1 -I/usr/include  -L/usr/lib conftest.c -lgd  >&5
conftest.c:55: warning: conflicting types for built-in function 'round'
configure:20654: $? = 0
configure:20671: result: yes
configure:20753: checking for strtoul
configure:20809: gcc -o conftest -g -O2  -D_GNU_SOURCE=1 -I/usr/include  -L/usr/lib conftest.c -lgd  >&5
configure:20815: $? = 0
configure:20833: result: yes
configure:20976: creating ./config.status

## ---------------------- ##
## Running config.status. ##
## ---------------------- ##

This file was extended by libpuzzle config.status 0.9, which was
generated by GNU Autoconf 2.61.  Invocation command line was

  CONFIG_FILES    = 
  CONFIG_HEADERS  = 
  CONFIG_LINKS    = 
  CONFIG_COMMANDS = 
  $ ./config.status 

on u5f

config.status:673: creating Makefile
config.status:673: creating man/Makefile
config.status:673: creating src/Makefile
config.status:673: creating src/pics/Makefile
config.status:673: creating php/Makefile
config.status:673: creating php/libpuzzle/Makefile
config.status:673: creating php/libpuzzle/include/Makefile
config.status:673: creating php/libpuzzle/modules/Makefile
config.status:673: creating php/libpuzzle/build/Makefile
config.status:673: creating php/libpuzzle/tests/Makefile
config.status:673: creating php/libpuzzle/tests/pics/Makefile
config.status:673: creating config.h
config.status:952: executing depfiles commands

## ---------------- ##
## Cache variables. ##
## ---------------- ##

ac_cv_build=i686-pc-linux-gnu
ac_cv_c_compiler_gnu=yes
ac_cv_c_const=yes
ac_cv_cxx_compiler_gnu=yes
ac_cv_env_CCC_set=
ac_cv_env_CCC_value=
ac_cv_env_CC_set=
ac_cv_env_CC_value=
ac_cv_env_CFLAGS_set=
ac_cv_env_CFLAGS_value=
ac_cv_env_CPPFLAGS_set=
ac_cv_env_CPPFLAGS_value=
ac_cv_env_CPP_set=
ac_cv_env_CPP_value=
ac_cv_env_CXXCPP_set=
ac_cv_env_CXXCPP_value=
ac_cv_env_CXXFLAGS_set=
ac_cv_env_CXXFLAGS_value=
ac_cv_env_CXX_set=
ac_cv_env_CXX_value=
ac_cv_env_F77_set=
ac_cv_env_F77_value=
ac_cv_env_FFLAGS_set=
ac_cv_env_FFLAGS_value=
ac_cv_env_LDFLAGS_set=
ac_cv_env_LDFLAGS_value=
ac_cv_env_LIBS_set=
ac_cv_env_LIBS_value=
ac_cv_env_build_alias_set=
ac_cv_env_build_alias_value=
ac_cv_env_host_alias_set=
ac_cv_env_host_alias_value=
ac_cv_env_target_alias_set=
ac_cv_env_target_alias_value=
ac_cv_f77_compiler_gnu=no
ac_cv_func_floor=yes
ac_cv_func_malloc_0_nonnull=yes
ac_cv_func_memcmp_working=yes
ac_cv_func_realloc_0_nonnull=yes
ac_cv_func_round=yes
ac_cv_func_strtoul=yes
ac_cv_header_dlfcn_h=yes
ac_cv_header_inttypes_h=yes
ac_cv_header_limits_h=yes
ac_cv_header_memory_h=yes
ac_cv_header_stdc=yes
ac_cv_header_stddef_h=yes
ac_cv_header_stdint_h=yes
ac_cv_header_stdlib_h=yes
ac_cv_header_string_h=yes
ac_cv_header_strings_h=yes
ac_cv_header_sys_stat_h=yes
ac_cv_header_sys_types_h=yes
ac_cv_header_unistd_h=yes
ac_cv_host=i686-pc-linux-gnu
ac_cv_lib_gd_gdImageCreateFromGd2=yes
ac_cv_objext=o
ac_cv_path_EGREP='/bin/grep -E'
ac_cv_path_GDLIBCONFIG=/usr/bin/gdlib-config
ac_cv_path_GREP=/bin/grep
ac_cv_path_install='/usr/bin/install -c'
ac_cv_prog_AWK=mawk
ac_cv_prog_CPP='gcc -E'
ac_cv_prog_CXXCPP='g++ -E'
ac_cv_prog_ac_ct_AR=ar
ac_cv_prog_ac_ct_CC=gcc
ac_cv_prog_ac_ct_CXX=g++
ac_cv_prog_ac_ct_RANLIB=ranlib
ac_cv_prog_ac_ct_STRIP=strip
ac_cv_prog_cc_c89=
ac_cv_prog_cc_g=yes
ac_cv_prog_cxx_g=yes
ac_cv_prog_f77_g=no
ac_cv_prog_make_make_set=yes
ac_cv_type_off_t=yes
ac_cv_type_size_t=yes
ac_cv_type_ssize_t=yes
am_cv_CC_dependencies_compiler_type=gcc3
am_cv_CXX_dependencies_compiler_type=gcc3
lt_cv_deplibs_check_method=pass_all
lt_cv_file_magic_cmd='$MAGIC_CMD'
lt_cv_file_magic_test_file=
lt_cv_ld_reload_flag=-r
lt_cv_objdir=.libs
lt_cv_path_LD=/usr/bin/ld
lt_cv_path_LDCXX=/usr/bin/ld
lt_cv_path_NM='/usr/bin/nm -B'
lt_cv_path_SED=/bin/sed
lt_cv_prog_compiler_c_o=yes
lt_cv_prog_compiler_c_o_CXX=yes
lt_cv_prog_compiler_rtti_exceptions=no
lt_cv_prog_gnu_ld=yes
lt_cv_prog_gnu_ldcxx=yes
lt_cv_sys_global_symbol_pipe='sed -n -e '\''s/^.*[ 	]\([ABCDGIRSTW][ABCDGIRSTW]*\)[ 	][ 	]*\([_A-Za-z][_A-Za-z0-9]*\)$/\1 \2 \2/p'\'''
lt_cv_sys_global_symbol_to_c_name_address='sed -n -e '\''s/^: \([^ ]*\) $/  {\"\1\", (lt_ptr) 0},/p'\'' -e '\''s/^[BCDEGRST] \([^ ]*\) \([^ ]*\)$/  {"\2", (lt_ptr) \&\2},/p'\'''
lt_cv_sys_global_symbol_to_cdecl='sed -n -e '\''s/^. .* \(.*\)$/extern int \1;/p'\'''
lt_cv_sys_max_cmd_len=32768
lt_lt_cv_prog_compiler_c_o='"yes"'
lt_lt_cv_prog_compiler_c_o_CXX='"yes"'
lt_lt_cv_sys_global_symbol_pipe='"sed -n -e '\''s/^.*[ 	]\\([ABCDGIRSTW][ABCDGIRSTW]*\\)[ 	][ 	]*\\([_A-Za-z][_A-Za-z0-9]*\\)\$/\\1 \\2 \\2/p'\''"'
lt_lt_cv_sys_global_symbol_to_c_name_address='"sed -n -e '\''s/^: \\([^ ]*\\) \$/  {\\\"\\1\\\", (lt_ptr) 0},/p'\'' -e '\''s/^[BCDEGRST] \\([^ ]*\\) \\([^ ]*\\)\$/  {\"\\2\", (lt_ptr) \\&\\2},/p'\''"'
lt_lt_cv_sys_global_symbol_to_cdecl='"sed -n -e '\''s/^. .* \\(.*\\)\$/extern int \\1;/p'\''"'

## ----------------- ##
## Output variables. ##
## ----------------- ##

ACLOCAL='${SHELL} /home/snoogie/dev/scleaner/libpuzzle-0.9/missing --run aclocal-1.9'
AMDEPBACKSLASH='\'
AMDEP_FALSE='#'
AMDEP_TRUE=''
AMTAR='${SHELL} /home/snoogie/dev/scleaner/libpuzzle-0.9/missing --run tar'
AR='ar'
AUTOCONF='${SHELL} /home/snoogie/dev/scleaner/libpuzzle-0.9/missing --run autoconf'
AUTOHEADER='${SHELL} /home/snoogie/dev/scleaner/libpuzzle-0.9/missing --run autoheader'
AUTOMAKE='${SHELL} /home/snoogie/dev/scleaner/libpuzzle-0.9/missing --run automake-1.9'
AWK='mawk'
CC='gcc'
CCDEPMODE='depmode=gcc3'
CFLAGS='-g -O2'
CPP='gcc -E'
CPPFLAGS=' -D_GNU_SOURCE=1 -I/usr/include'
CXX='g++'
CXXCPP='g++ -E'
CXXDEPMODE='depmode=gcc3'
CXXFLAGS='-g -O2'
CYGPATH_W='echo'
DEFS='-DHAVE_CONFIG_H'
DEPDIR='.deps'
ECHO='echo'
ECHO_C=''
ECHO_N='-n'
ECHO_T=''
EGREP='/bin/grep -E'
EXEEXT=''
F77=''
FFLAGS=''
GDLIBCONFIG='/usr/bin/gdlib-config'
GREP='/bin/grep'
INSTALL_DATA='${INSTALL} -m 644'
INSTALL_PROGRAM='${INSTALL}'
INSTALL_SCRIPT='${INSTALL}'
INSTALL_STRIP_PROGRAM='${SHELL} $(install_sh) -c -s'
LDFLAGS=' -L/usr/lib'
LIBOBJS=''
LIBS='-lgd '
LIBTOOL='$(SHELL) $(top_builddir)/libtool'
LN_S='ln -s'
LTLIBOBJS=''
MAINT='#'
MAINTAINER_MODE_FALSE=''
MAINTAINER_MODE_TRUE='#'
MAKEINFO='${SHELL} /home/snoogie/dev/scleaner/libpuzzle-0.9/missing --run makeinfo'
OBJEXT='o'
PACKAGE='libpuzzle'
PACKAGE_BUGREPORT='bugs@pureftpd.org'
PACKAGE_NAME='libpuzzle'
PACKAGE_STRING='libpuzzle 0.9'
PACKAGE_TARNAME='libpuzzle'
PACKAGE_VERSION='0.9'
PATH_SEPARATOR=':'
RANLIB='ranlib'
SET_MAKE=''
SHELL='/bin/bash'
STRIP='strip'
VERSION='0.9'
ac_ct_CC='gcc'
ac_ct_CXX='g++'
ac_ct_F77=''
am__fastdepCC_FALSE='#'
am__fastdepCC_TRUE=''
am__fastdepCXX_FALSE='#'
am__fastdepCXX_TRUE=''
am__include='include'
am__leading_dot='.'
am__quote=''
am__tar='${AMTAR} chof - "$$tardir"'
am__untar='${AMTAR} xf -'
bindir='${exec_prefix}/bin'
build='i686-pc-linux-gnu'
build_alias=''
build_cpu='i686'
build_os='linux-gnu'
build_vendor='pc'
datadir='${datarootdir}'
datarootdir='${prefix}/share'
docdir='${datarootdir}/doc/${PACKAGE_TARNAME}'
dvidir='${docdir}'
exec_prefix='${prefix}'
host='i686-pc-linux-gnu'
host_alias=''
host_cpu='i686'
host_os='linux-gnu'
host_vendor='pc'
htmldir='${docdir}'
includedir='${prefix}/include'
infodir='${datarootdir}/info'
install_sh='/home/snoogie/dev/scleaner/libpuzzle-0.9/install-sh'
libdir='${exec_prefix}/lib'
libexecdir='${exec_prefix}/libexec'
localedir='${datarootdir}/locale'
localstatedir='${prefix}/var'
mandir='${datarootdir}/man'
mkdir_p='mkdir -p --'
oldincludedir='/usr/include'
pdfdir='${docdir}'
prefix='/usr/local'
program_transform_name='s,x,x,'
psdir='${docdir}'
sbindir='${exec_prefix}/sbin'
sharedstatedir='${prefix}/com'
sysconfdir='${prefix}/etc'
target_alias=''

## ----------- ##
## confdefs.h. ##
## ----------- ##

#define PACKAGE_NAME "libpuzzle"
#define PACKAGE_TARNAME "libpuzzle"
#define PACKAGE_VERSION "0.9"
#define PACKAGE_STRING "libpuzzle 0.9"
#define PACKAGE_BUGREPORT "bugs@pureftpd.org"
#define PACKAGE "libpuzzle"
#define VERSION "0.9"
#define HAVE_LIBGD 1
#define STDC_HEADERS 1
#define HAVE_SYS_TYPES_H 1
#define HAVE_SYS_STAT_H 1
#define HAVE_STDLIB_H 1
#define HAVE_STRING_H 1
#define HAVE_MEMORY_H 1
#define HAVE_STRINGS_H 1
#define HAVE_INTTYPES_H 1
#define HAVE_STDINT_H 1
#define HAVE_UNISTD_H 1
#define HAVE_DLFCN_H 1
#define HAVE_LIMITS_H 1
#define HAVE_MEMORY_H 1
#define HAVE_STDDEF_H 1
#define HAVE_STDLIB_H 1
#define HAVE_STRING_H 1
#define HAVE_UNISTD_H 1
#define HAVE_STDLIB_H 1
#define HAVE_MALLOC 1
#define HAVE_STDLIB_H 1
#define HAVE_REALLOC 1
#define HAVE_STRTOUL 1

configure: exit 0
